2023-02-05 19:09:52,230 [Worker-2: Loading available Gradle versions] INFO  o.e.b.c.i.u.g.PublishedGradleVersions - Gradle version information cache is out-of-date. Trying to update.
2023-02-05 19:14:58,218 [Worker-1: Launching mavenrun-2aaa192d-6f4c-4488-817d-8f15f78ff17d] INFO  o.eclipse.m2e.core.internal.Bundles - getClasspathEntries(Bundle=org.eclipse.m2e.maven.runtime_3.8.604.20221130-2149 [270])
2023-02-05 19:14:58,225 [Worker-1: Launching mavenrun-2aaa192d-6f4c-4488-817d-8f15f78ff17d] INFO  o.eclipse.m2e.core.internal.Bundles - 	Entry: C:\Users\user\Desktop\eclipse\plugins\org.eclipse.m2e.maven.runtime_3.8.604.20221130-2149
2023-02-05 19:14:58,225 [Worker-1: Launching mavenrun-2aaa192d-6f4c-4488-817d-8f15f78ff17d] INFO  o.eclipse.m2e.core.internal.Bundles - 	Entry: C:\Users\user\Desktop\eclipse\plugins\org.eclipse.m2e.maven.runtime_3.8.604.20221130-2149\jars\aether-connector-okhttp-0.17.8.jar
2023-02-05 19:14:58,226 [Worker-1: Launching mavenrun-2aaa192d-6f4c-4488-817d-8f15f78ff17d] INFO  o.eclipse.m2e.core.internal.Bundles - 	Entry: C:\Users\user\Desktop\eclipse\plugins\org.eclipse.m2e.maven.runtime_3.8.604.20221130-2149\jars\commons-cli-1.4.jar
2023-02-05 19:14:58,227 [Worker-1: Launching mavenrun-2aaa192d-6f4c-4488-817d-8f15f78ff17d] INFO  o.eclipse.m2e.core.internal.Bundles - 	Entry: C:\Users\user\Desktop\eclipse\plugins\org.eclipse.m2e.maven.runtime_3.8.604.20221130-2149\jars\commons-io-2.6.jar
2023-02-05 19:14:58,227 [Worker-1: Launching mavenrun-2aaa192d-6f4c-4488-817d-8f15f78ff17d] INFO  o.eclipse.m2e.core.internal.Bundles - 	Entry: C:\Users\user\Desktop\eclipse\plugins\org.eclipse.m2e.maven.runtime_3.8.604.20221130-2149\jars\commons-lang3-3.8.1.jar
2023-02-05 19:14:58,227 [Worker-1: Launching mavenrun-2aaa192d-6f4c-4488-817d-8f15f78ff17d] INFO  o.eclipse.m2e.core.internal.Bundles - 	Entry: C:\Users\user\Desktop\eclipse\plugins\org.eclipse.m2e.maven.runtime_3.8.604.20221130-2149\jars\guice-4.2.2-no_aop.jar
2023-02-05 19:14:58,228 [Worker-1: Launching mavenrun-2aaa192d-6f4c-4488-817d-8f15f78ff17d] INFO  o.eclipse.m2e.core.internal.Bundles - 	Entry: C:\Users\user\Desktop\eclipse\plugins\org.eclipse.m2e.maven.runtime_3.8.604.20221130-2149\jars\jansi-2.4.0.jar
2023-02-05 19:14:58,229 [Worker-1: Launching mavenrun-2aaa192d-6f4c-4488-817d-8f15f78ff17d] INFO  o.eclipse.m2e.core.internal.Bundles - 	Entry: C:\Users\user\Desktop\eclipse\plugins\org.eclipse.m2e.maven.runtime_3.8.604.20221130-2149\jars\maven-artifact-3.8.6.jar
2023-02-05 19:14:58,229 [Worker-1: Launching mavenrun-2aaa192d-6f4c-4488-817d-8f15f78ff17d] INFO  o.eclipse.m2e.core.internal.Bundles - 	Entry: C:\Users\user\Desktop\eclipse\plugins\org.eclipse.m2e.maven.runtime_3.8.604.20221130-2149\jars\maven-builder-support-3.8.6.jar
2023-02-05 19:14:58,230 [Worker-1: Launching mavenrun-2aaa192d-6f4c-4488-817d-8f15f78ff17d] INFO  o.eclipse.m2e.core.internal.Bundles - 	Entry: C:\Users\user\Desktop\eclipse\plugins\org.eclipse.m2e.maven.runtime_3.8.604.20221130-2149\jars\maven-compat-3.8.6.jar
2023-02-05 19:14:58,230 [Worker-1: Launching mavenrun-2aaa192d-6f4c-4488-817d-8f15f78ff17d] INFO  o.eclipse.m2e.core.internal.Bundles - 	Entry: C:\Users\user\Desktop\eclipse\plugins\org.eclipse.m2e.maven.runtime_3.8.604.20221130-2149\jars\maven-core-3.8.6.jar
2023-02-05 19:14:58,230 [Worker-1: Launching mavenrun-2aaa192d-6f4c-4488-817d-8f15f78ff17d] INFO  o.eclipse.m2e.core.internal.Bundles - 	Entry: C:\Users\user\Desktop\eclipse\plugins\org.eclipse.m2e.maven.runtime_3.8.604.20221130-2149\jars\maven-embedder-3.8.6.jar
2023-02-05 19:14:58,231 [Worker-1: Launching mavenrun-2aaa192d-6f4c-4488-817d-8f15f78ff17d] INFO  o.eclipse.m2e.core.internal.Bundles - 	Entry: C:\Users\user\Desktop\eclipse\plugins\org.eclipse.m2e.maven.runtime_3.8.604.20221130-2149\jars\maven-model-3.8.6.jar
2023-02-05 19:14:58,231 [Worker-1: Launching mavenrun-2aaa192d-6f4c-4488-817d-8f15f78ff17d] INFO  o.eclipse.m2e.core.internal.Bundles - 	Entry: C:\Users\user\Desktop\eclipse\plugins\org.eclipse.m2e.maven.runtime_3.8.604.20221130-2149\jars\maven-model-builder-3.8.6.jar
2023-02-05 19:14:58,232 [Worker-1: Launching mavenrun-2aaa192d-6f4c-4488-817d-8f15f78ff17d] INFO  o.eclipse.m2e.core.internal.Bundles - 	Entry: C:\Users\user\Desktop\eclipse\plugins\org.eclipse.m2e.maven.runtime_3.8.604.20221130-2149\jars\maven-plugin-api-3.8.6.jar
2023-02-05 19:14:58,232 [Worker-1: Launching mavenrun-2aaa192d-6f4c-4488-817d-8f15f78ff17d] INFO  o.eclipse.m2e.core.internal.Bundles - 	Entry: C:\Users\user\Desktop\eclipse\plugins\org.eclipse.m2e.maven.runtime_3.8.604.20221130-2149\jars\maven-repository-metadata-3.8.6.jar
2023-02-05 19:14:58,233 [Worker-1: Launching mavenrun-2aaa192d-6f4c-4488-817d-8f15f78ff17d] INFO  o.eclipse.m2e.core.internal.Bundles - 	Entry: C:\Users\user\Desktop\eclipse\plugins\org.eclipse.m2e.maven.runtime_3.8.604.20221130-2149\jars\maven-resolver-api-1.6.3.jar
2023-02-05 19:14:58,233 [Worker-1: Launching mavenrun-2aaa192d-6f4c-4488-817d-8f15f78ff17d] INFO  o.eclipse.m2e.core.internal.Bundles - 	Entry: C:\Users\user\Desktop\eclipse\plugins\org.eclipse.m2e.maven.runtime_3.8.604.20221130-2149\jars\maven-resolver-connector-basic-1.6.3.jar
2023-02-05 19:14:58,233 [Worker-1: Launching mavenrun-2aaa192d-6f4c-4488-817d-8f15f78ff17d] INFO  o.eclipse.m2e.core.internal.Bundles - 	Entry: C:\Users\user\Desktop\eclipse\plugins\org.eclipse.m2e.maven.runtime_3.8.604.20221130-2149\jars\maven-resolver-impl-1.6.3.jar
2023-02-05 19:14:58,233 [Worker-1: Launching mavenrun-2aaa192d-6f4c-4488-817d-8f15f78ff17d] INFO  o.eclipse.m2e.core.internal.Bundles - 	Entry: C:\Users\user\Desktop\eclipse\plugins\org.eclipse.m2e.maven.runtime_3.8.604.20221130-2149\jars\maven-resolver-provider-3.8.6.jar
2023-02-05 19:14:58,234 [Worker-1: Launching mavenrun-2aaa192d-6f4c-4488-817d-8f15f78ff17d] INFO  o.eclipse.m2e.core.internal.Bundles - 	Entry: C:\Users\user\Desktop\eclipse\plugins\org.eclipse.m2e.maven.runtime_3.8.604.20221130-2149\jars\maven-resolver-spi-1.6.3.jar
2023-02-05 19:14:58,234 [Worker-1: Launching mavenrun-2aaa192d-6f4c-4488-817d-8f15f78ff17d] INFO  o.eclipse.m2e.core.internal.Bundles - 	Entry: C:\Users\user\Desktop\eclipse\plugins\org.eclipse.m2e.maven.runtime_3.8.604.20221130-2149\jars\maven-resolver-transport-wagon-1.6.3.jar
2023-02-05 19:14:58,234 [Worker-1: Launching mavenrun-2aaa192d-6f4c-4488-817d-8f15f78ff17d] INFO  o.eclipse.m2e.core.internal.Bundles - 	Entry: C:\Users\user\Desktop\eclipse\plugins\org.eclipse.m2e.maven.runtime_3.8.604.20221130-2149\jars\maven-resolver-util-1.6.3.jar
2023-02-05 19:14:58,235 [Worker-1: Launching mavenrun-2aaa192d-6f4c-4488-817d-8f15f78ff17d] INFO  o.eclipse.m2e.core.internal.Bundles - 	Entry: C:\Users\user\Desktop\eclipse\plugins\org.eclipse.m2e.maven.runtime_3.8.604.20221130-2149\jars\maven-settings-3.8.6.jar
2023-02-05 19:14:58,235 [Worker-1: Launching mavenrun-2aaa192d-6f4c-4488-817d-8f15f78ff17d] INFO  o.eclipse.m2e.core.internal.Bundles - 	Entry: C:\Users\user\Desktop\eclipse\plugins\org.eclipse.m2e.maven.runtime_3.8.604.20221130-2149\jars\maven-settings-builder-3.8.6.jar
2023-02-05 19:14:58,235 [Worker-1: Launching mavenrun-2aaa192d-6f4c-4488-817d-8f15f78ff17d] INFO  o.eclipse.m2e.core.internal.Bundles - 	Entry: C:\Users\user\Desktop\eclipse\plugins\org.eclipse.m2e.maven.runtime_3.8.604.20221130-2149\jars\maven-shared-utils-3.3.4.jar
2023-02-05 19:14:58,235 [Worker-1: Launching mavenrun-2aaa192d-6f4c-4488-817d-8f15f78ff17d] INFO  o.eclipse.m2e.core.internal.Bundles - 	Entry: C:\Users\user\Desktop\eclipse\plugins\org.eclipse.m2e.maven.runtime_3.8.604.20221130-2149\jars\okhttp-3.14.1.jar
2023-02-05 19:14:58,236 [Worker-1: Launching mavenrun-2aaa192d-6f4c-4488-817d-8f15f78ff17d] INFO  o.eclipse.m2e.core.internal.Bundles - 	Entry: C:\Users\user\Desktop\eclipse\plugins\org.eclipse.m2e.maven.runtime_3.8.604.20221130-2149\jars\okio-1.17.3.jar
2023-02-05 19:14:58,236 [Worker-1: Launching mavenrun-2aaa192d-6f4c-4488-817d-8f15f78ff17d] INFO  o.eclipse.m2e.core.internal.Bundles - 	Entry: C:\Users\user\Desktop\eclipse\plugins\org.eclipse.m2e.maven.runtime_3.8.604.20221130-2149\jars\org.eclipse.sisu.inject-0.3.5.jar
2023-02-05 19:14:58,236 [Worker-1: Launching mavenrun-2aaa192d-6f4c-4488-817d-8f15f78ff17d] INFO  o.eclipse.m2e.core.internal.Bundles - 	Entry: C:\Users\user\Desktop\eclipse\plugins\org.eclipse.m2e.maven.runtime_3.8.604.20221130-2149\jars\org.eclipse.sisu.plexus-0.3.5.jar
2023-02-05 19:14:58,237 [Worker-1: Launching mavenrun-2aaa192d-6f4c-4488-817d-8f15f78ff17d] INFO  o.eclipse.m2e.core.internal.Bundles - 	Entry: C:\Users\user\Desktop\eclipse\plugins\org.eclipse.m2e.maven.runtime_3.8.604.20221130-2149\jars\plexus-build-api-0.0.7.jar
2023-02-05 19:14:58,237 [Worker-1: Launching mavenrun-2aaa192d-6f4c-4488-817d-8f15f78ff17d] INFO  o.eclipse.m2e.core.internal.Bundles - 	Entry: C:\Users\user\Desktop\eclipse\plugins\org.eclipse.m2e.maven.runtime_3.8.604.20221130-2149\jars\plexus-cipher-2.0.jar
2023-02-05 19:14:58,238 [Worker-1: Launching mavenrun-2aaa192d-6f4c-4488-817d-8f15f78ff17d] INFO  o.eclipse.m2e.core.internal.Bundles - 	Entry: C:\Users\user\Desktop\eclipse\plugins\org.eclipse.m2e.maven.runtime_3.8.604.20221130-2149\jars\plexus-classworlds-2.6.0.jar
2023-02-05 19:14:58,238 [Worker-1: Launching mavenrun-2aaa192d-6f4c-4488-817d-8f15f78ff17d] INFO  o.eclipse.m2e.core.internal.Bundles - 	Entry: C:\Users\user\Desktop\eclipse\plugins\org.eclipse.m2e.maven.runtime_3.8.604.20221130-2149\jars\plexus-component-annotations-2.1.0.jar
2023-02-05 19:14:58,238 [Worker-1: Launching mavenrun-2aaa192d-6f4c-4488-817d-8f15f78ff17d] INFO  o.eclipse.m2e.core.internal.Bundles - 	Entry: C:\Users\user\Desktop\eclipse\plugins\org.eclipse.m2e.maven.runtime_3.8.604.20221130-2149\jars\plexus-interpolation-1.26.jar
2023-02-05 19:14:58,240 [Worker-1: Launching mavenrun-2aaa192d-6f4c-4488-817d-8f15f78ff17d] INFO  o.eclipse.m2e.core.internal.Bundles - 	Entry: C:\Users\user\Desktop\eclipse\plugins\org.eclipse.m2e.maven.runtime_3.8.604.20221130-2149\jars\plexus-sec-dispatcher-2.0.jar
2023-02-05 19:14:58,240 [Worker-1: Launching mavenrun-2aaa192d-6f4c-4488-817d-8f15f78ff17d] INFO  o.eclipse.m2e.core.internal.Bundles - 	Entry: C:\Users\user\Desktop\eclipse\plugins\org.eclipse.m2e.maven.runtime_3.8.604.20221130-2149\jars\plexus-utils-3.3.1.jar
2023-02-05 19:14:58,240 [Worker-1: Launching mavenrun-2aaa192d-6f4c-4488-817d-8f15f78ff17d] INFO  o.eclipse.m2e.core.internal.Bundles - 	Entry: C:\Users\user\Desktop\eclipse\plugins\org.eclipse.m2e.maven.runtime_3.8.604.20221130-2149\jars\wagon-file-3.5.1.jar
2023-02-05 19:14:58,241 [Worker-1: Launching mavenrun-2aaa192d-6f4c-4488-817d-8f15f78ff17d] INFO  o.eclipse.m2e.core.internal.Bundles - 	Entry: C:\Users\user\Desktop\eclipse\plugins\org.eclipse.m2e.maven.runtime_3.8.604.20221130-2149\jars\wagon-provider-api-3.5.1.jar
2023-02-05 19:14:58,243 [Worker-1: Launching mavenrun-2aaa192d-6f4c-4488-817d-8f15f78ff17d] INFO  o.eclipse.m2e.core.internal.Bundles - getClasspathEntries(Bundle=com.google.guava_30.1.0.v20221112-0806 [8])
2023-02-05 19:14:58,245 [Worker-1: Launching mavenrun-2aaa192d-6f4c-4488-817d-8f15f78ff17d] INFO  o.eclipse.m2e.core.internal.Bundles - 	Entry: C:\Users\user\Desktop\eclipse\plugins\com.google.guava_30.1.0.v20221112-0806.jar
2023-02-05 19:14:58,245 [Worker-1: Launching mavenrun-2aaa192d-6f4c-4488-817d-8f15f78ff17d] INFO  o.eclipse.m2e.core.internal.Bundles - getClasspathEntries(Bundle=slf4j.api_1.7.36 [434])
2023-02-05 19:14:58,247 [Worker-1: Launching mavenrun-2aaa192d-6f4c-4488-817d-8f15f78ff17d] INFO  o.eclipse.m2e.core.internal.Bundles - 	Entry: C:\Users\user\Desktop\eclipse\plugins\slf4j.api_1.7.36.jar
2023-02-05 19:14:58,247 [Worker-1: Launching mavenrun-2aaa192d-6f4c-4488-817d-8f15f78ff17d] INFO  o.eclipse.m2e.core.internal.Bundles - getClasspathEntries(Bundle=javax.inject_1.0.0.v20220405-0441 [18])
2023-02-05 19:14:58,248 [Worker-1: Launching mavenrun-2aaa192d-6f4c-4488-817d-8f15f78ff17d] INFO  o.eclipse.m2e.core.internal.Bundles - 	Entry: C:\Users\user\Desktop\eclipse\plugins\javax.inject_1.0.0.v20220405-0441.jar
2023-02-05 19:14:58,248 [Worker-1: Launching mavenrun-2aaa192d-6f4c-4488-817d-8f15f78ff17d] INFO  o.eclipse.m2e.core.internal.Bundles - getClasspathEntries(Bundle=javax.annotation_1.3.5.v20221112-0806 [16])
2023-02-05 19:14:58,250 [Worker-1: Launching mavenrun-2aaa192d-6f4c-4488-817d-8f15f78ff17d] INFO  o.eclipse.m2e.core.internal.Bundles - 	Entry: C:\Users\user\Desktop\eclipse\plugins\javax.annotation_1.3.5.v20221112-0806.jar
2023-02-05 19:14:58,259 [Worker-1: Launching mavenrun-2aaa192d-6f4c-4488-817d-8f15f78ff17d] INFO  o.e.m.i.launch.MavenLaunchDelegate - Run build in "C:\Users\user\AppData\Local\Temp\m2e-archetypeGenerator6461374290612453959":
2023-02-05 19:14:58,264 [Worker-1: Launching mavenrun-2aaa192d-6f4c-4488-817d-8f15f78ff17d] INFO  o.e.m.i.launch.MavenLaunchDelegate -  mvn  -DarchetypeGroupId=org.apache.maven.archetypes -DarchetypeArtifactId=maven-archetype-quickstart -DarchetypeVersion=1.4 -DgroupId=TestingAutomation -DartifactId=TestingTopSop -Dversion=0.0.1-SNAPSHOT -Dpackage=TestingAutomation.TestingTopSop -DoutputDirectory=C:\AutomationTests -Dstyle.color=always -U archetype:generate
2023-02-05 19:16:11,639 [Worker-15: Creating maven-archetype-quickstart] INFO  o.e.m.c.i.p.ProjectConfigurationManager - Collecting project info '/pom.xml' C:\AutomationTests\TestingTopSop\pom.xml
2023-02-05 19:16:12,693 [Worker-15: Creating maven-archetype-quickstart] INFO  o.e.m.c.i.l.LifecycleMappingFactory - Using org.eclipse.m2e.jdt.JarLifecycleMapping lifecycle mapping for MavenProject: TestingAutomation:TestingTopSop:0.0.1-SNAPSHOT @ C:\AutomationTests\TestingTopSop\pom.xml.
2023-02-05 19:16:13,461 [Worker-15: Creating maven-archetype-quickstart] INFO  o.e.m.j.i.AbstractJavaProjectConfigurator - Adding source folder /TestingTopSop/src/main/java
2023-02-05 19:16:13,475 [Worker-15: Creating maven-archetype-quickstart] INFO  o.e.m.j.i.AbstractJavaProjectConfigurator - Adding source folder /TestingTopSop/src/test/java
2023-02-05 19:16:13,616 [Worker-15: Creating maven-archetype-quickstart] INFO  o.e.m.c.i.p.ProjectConfigurationManager - Imported and configured 1 project(s) in 1 sec
2023-02-05 19:16:14,805 [Worker-17: Building] INFO  o.e.m.c.i.embedder.EclipseLogger - Using 'UTF-8' encoding to copy filtered resources.
2023-02-05 19:16:14,805 [Worker-17: Building] INFO  o.e.m.c.i.embedder.EclipseLogger - skip non existing resourceDirectory C:\AutomationTests\TestingTopSop\src\main\resources
2023-02-05 19:16:14,812 [Worker-17: Building] INFO  o.e.m.c.i.embedder.EclipseLogger - Using 'UTF-8' encoding to copy filtered resources.
2023-02-05 19:16:14,812 [Worker-17: Building] INFO  o.e.m.c.i.embedder.EclipseLogger - skip non existing resourceDirectory C:\AutomationTests\TestingTopSop\src\test\resources
2023-02-05 19:16:33,510 [Worker-15: Building] INFO  o.e.m.c.i.embedder.EclipseLogger - Using 'UTF-8' encoding to copy filtered resources.
2023-02-05 19:16:33,510 [Worker-15: Building] INFO  o.e.m.c.i.embedder.EclipseLogger - skip non existing resourceDirectory C:\AutomationTests\TestingTopSop\src\main\resources
2023-02-05 19:16:33,518 [Worker-15: Building] INFO  o.e.m.c.i.embedder.EclipseLogger - Using 'UTF-8' encoding to copy filtered resources.
2023-02-05 19:16:33,519 [Worker-15: Building] INFO  o.e.m.c.i.embedder.EclipseLogger - skip non existing resourceDirectory C:\AutomationTests\TestingTopSop\src\test\resources
2023-02-05 19:16:46,163 [Worker-19: Building] INFO  o.e.m.c.i.embedder.EclipseLogger - Using 'UTF-8' encoding to copy filtered resources.
2023-02-05 19:16:46,163 [Worker-19: Building] INFO  o.e.m.c.i.embedder.EclipseLogger - skip non existing resourceDirectory C:\AutomationTests\TestingTopSop\src\main\resources
2023-02-05 19:16:46,167 [Worker-19: Building] INFO  o.e.m.c.i.embedder.EclipseLogger - Using 'UTF-8' encoding to copy filtered resources.
2023-02-05 19:16:46,167 [Worker-19: Building] INFO  o.e.m.c.i.embedder.EclipseLogger - skip non existing resourceDirectory C:\AutomationTests\TestingTopSop\src\test\resources
2023-02-05 19:19:30,429 [Worker-1: Building] INFO  o.e.m.c.i.l.LifecycleMappingFactory - Using org.eclipse.m2e.jdt.JarLifecycleMapping lifecycle mapping for MavenProject: TestingAutomation:TestingTopSop:0.0.1-SNAPSHOT @ C:\AutomationTests\TestingTopSop\pom.xml.
2023-02-05 19:19:31,247 [Worker-1: Building] INFO  o.e.m.c.i.embedder.EclipseLogger - Using 'UTF-8' encoding to copy filtered resources.
2023-02-05 19:19:31,247 [Worker-1: Building] INFO  o.e.m.c.i.embedder.EclipseLogger - skip non existing resourceDirectory C:\AutomationTests\TestingTopSop\src\main\resources
2023-02-05 19:19:31,251 [Worker-1: Building] INFO  o.e.m.c.i.embedder.EclipseLogger - Using 'UTF-8' encoding to copy filtered resources.
2023-02-05 19:19:31,251 [Worker-1: Building] INFO  o.e.m.c.i.embedder.EclipseLogger - skip non existing resourceDirectory C:\AutomationTests\TestingTopSop\src\test\resources
2023-02-05 19:19:32,931 [Worker-15: Building] INFO  o.e.m.c.i.embedder.EclipseLogger - Using 'UTF-8' encoding to copy filtered resources.
2023-02-05 19:19:32,931 [Worker-15: Building] INFO  o.e.m.c.i.embedder.EclipseLogger - skip non existing resourceDirectory C:\AutomationTests\TestingTopSop\src\main\resources
2023-02-05 19:19:32,935 [Worker-15: Building] INFO  o.e.m.c.i.embedder.EclipseLogger - Using 'UTF-8' encoding to copy filtered resources.
2023-02-05 19:19:32,936 [Worker-15: Building] INFO  o.e.m.c.i.embedder.EclipseLogger - skip non existing resourceDirectory C:\AutomationTests\TestingTopSop\src\test\resources
2023-02-05 19:24:18,424 [Worker-1: Building] INFO  o.e.m.c.i.embedder.EclipseLogger - Using 'UTF-8' encoding to copy filtered resources.
2023-02-05 19:24:18,425 [Worker-1: Building] INFO  o.e.m.c.i.embedder.EclipseLogger - skip non existing resourceDirectory C:\AutomationTests\TestingTopSop\src\main\resources
2023-02-05 19:24:18,427 [Worker-1: Building] INFO  o.e.m.c.i.embedder.EclipseLogger - Using 'UTF-8' encoding to copy filtered resources.
2023-02-05 19:24:18,428 [Worker-1: Building] INFO  o.e.m.c.i.embedder.EclipseLogger - skip non existing resourceDirectory C:\AutomationTests\TestingTopSop\src\test\resources
2023-02-05 19:24:19,528 [Worker-1: Building] INFO  o.e.m.c.i.embedder.EclipseLogger - Using 'UTF-8' encoding to copy filtered resources.
2023-02-05 19:24:19,529 [Worker-1: Building] INFO  o.e.m.c.i.embedder.EclipseLogger - skip non existing resourceDirectory C:\AutomationTests\TestingTopSop\src\main\resources
2023-02-05 19:24:19,533 [Worker-1: Building] INFO  o.e.m.c.i.embedder.EclipseLogger - Using 'UTF-8' encoding to copy filtered resources.
2023-02-05 19:24:19,533 [Worker-1: Building] INFO  o.e.m.c.i.embedder.EclipseLogger - skip non existing resourceDirectory C:\AutomationTests\TestingTopSop\src\test\resources
2023-02-05 19:25:28,185 [Worker-22: Building] INFO  o.e.m.c.i.l.LifecycleMappingFactory - Using org.eclipse.m2e.jdt.JarLifecycleMapping lifecycle mapping for MavenProject: TestingAutomation:TestingTopSop:0.0.1-SNAPSHOT @ C:\AutomationTests\TestingTopSop\pom.xml.
2023-02-05 19:25:29,112 [Worker-22: Building] INFO  o.e.m.c.i.embedder.EclipseLogger - Using 'UTF-8' encoding to copy filtered resources.
2023-02-05 19:25:29,112 [Worker-22: Building] INFO  o.e.m.c.i.embedder.EclipseLogger - skip non existing resourceDirectory C:\AutomationTests\TestingTopSop\src\main\resources
2023-02-05 19:25:29,116 [Worker-22: Building] INFO  o.e.m.c.i.embedder.EclipseLogger - Using 'UTF-8' encoding to copy filtered resources.
2023-02-05 19:25:29,116 [Worker-22: Building] INFO  o.e.m.c.i.embedder.EclipseLogger - skip non existing resourceDirectory C:\AutomationTests\TestingTopSop\src\test\resources
2023-02-05 19:25:30,662 [Worker-24: Building] INFO  o.e.m.c.i.embedder.EclipseLogger - Using 'UTF-8' encoding to copy filtered resources.
2023-02-05 19:25:30,663 [Worker-24: Building] INFO  o.e.m.c.i.embedder.EclipseLogger - skip non existing resourceDirectory C:\AutomationTests\TestingTopSop\src\main\resources
2023-02-05 19:25:30,667 [Worker-24: Building] INFO  o.e.m.c.i.embedder.EclipseLogger - Using 'UTF-8' encoding to copy filtered resources.
2023-02-05 19:25:30,668 [Worker-24: Building] INFO  o.e.m.c.i.embedder.EclipseLogger - skip non existing resourceDirectory C:\AutomationTests\TestingTopSop\src\test\resources
2023-02-05 19:29:54,481 [Worker-22: Launching TopSopAutomationJava] INFO  o.e.m.c.i.embedder.EclipseLogger - Using 'UTF-8' encoding to copy filtered resources.
2023-02-05 19:29:54,482 [Worker-22: Launching TopSopAutomationJava] INFO  o.e.m.c.i.embedder.EclipseLogger - skip non existing resourceDirectory C:\AutomationTests\TestingTopSop\src\main\resources
2023-02-05 19:29:54,485 [Worker-22: Launching TopSopAutomationJava] INFO  o.e.m.c.i.embedder.EclipseLogger - Using 'UTF-8' encoding to copy filtered resources.
2023-02-05 19:29:54,485 [Worker-22: Launching TopSopAutomationJava] INFO  o.e.m.c.i.embedder.EclipseLogger - skip non existing resourceDirectory C:\AutomationTests\TestingTopSop\src\test\resources
2023-02-05 19:30:28,865 [Worker-25: Building] INFO  o.e.m.c.i.embedder.EclipseLogger - Using 'UTF-8' encoding to copy filtered resources.
2023-02-05 19:30:28,866 [Worker-25: Building] INFO  o.e.m.c.i.embedder.EclipseLogger - skip non existing resourceDirectory C:\AutomationTests\TestingTopSop\src\main\resources
2023-02-05 19:30:28,869 [Worker-25: Building] INFO  o.e.m.c.i.embedder.EclipseLogger - Using 'UTF-8' encoding to copy filtered resources.
2023-02-05 19:30:28,869 [Worker-25: Building] INFO  o.e.m.c.i.embedder.EclipseLogger - skip non existing resourceDirectory C:\AutomationTests\TestingTopSop\src\test\resources
2023-02-06 10:37:33,930 [Worker-0: Loading available Gradle versions] INFO  o.e.b.c.i.u.g.PublishedGradleVersions - Gradle version information cache is up-to-date. Trying to read.
2023-02-06 10:41:03,111 [Worker-10: Launching TopSopAutomationJava] INFO  o.e.m.c.i.embedder.EclipseLogger - Using 'UTF-8' encoding to copy filtered resources.
2023-02-06 10:41:03,114 [Worker-10: Launching TopSopAutomationJava] INFO  o.e.m.c.i.embedder.EclipseLogger - skip non existing resourceDirectory C:\AutomationTests\TestingTopSop\src\main\resources
2023-02-06 10:41:03,118 [Worker-10: Launching TopSopAutomationJava] INFO  o.e.m.c.i.embedder.EclipseLogger - Using 'UTF-8' encoding to copy filtered resources.
2023-02-06 10:41:03,118 [Worker-10: Launching TopSopAutomationJava] INFO  o.e.m.c.i.embedder.EclipseLogger - skip non existing resourceDirectory C:\AutomationTests\TestingTopSop\src\test\resources
2023-02-06 10:45:51,545 [Worker-4: Building] INFO  o.e.m.c.i.embedder.EclipseLogger - Using 'UTF-8' encoding to copy filtered resources.
2023-02-06 10:45:51,545 [Worker-4: Building] INFO  o.e.m.c.i.embedder.EclipseLogger - skip non existing resourceDirectory C:\AutomationTests\TestingTopSop\src\main\resources
2023-02-06 10:45:51,548 [Worker-4: Building] INFO  o.e.m.c.i.embedder.EclipseLogger - Using 'UTF-8' encoding to copy filtered resources.
2023-02-06 10:45:51,549 [Worker-4: Building] INFO  o.e.m.c.i.embedder.EclipseLogger - skip non existing resourceDirectory C:\AutomationTests\TestingTopSop\src\test\resources
2023-02-06 10:53:56,734 [Worker-12: Launching TopSopAutomationJava] INFO  o.e.m.c.i.embedder.EclipseLogger - Using 'UTF-8' encoding to copy filtered resources.
2023-02-06 10:53:56,734 [Worker-12: Launching TopSopAutomationJava] INFO  o.e.m.c.i.embedder.EclipseLogger - skip non existing resourceDirectory C:\AutomationTests\TestingTopSop\src\main\resources
2023-02-06 10:53:56,739 [Worker-12: Launching TopSopAutomationJava] INFO  o.e.m.c.i.embedder.EclipseLogger - Using 'UTF-8' encoding to copy filtered resources.
2023-02-06 10:53:56,740 [Worker-12: Launching TopSopAutomationJava] INFO  o.e.m.c.i.embedder.EclipseLogger - skip non existing resourceDirectory C:\AutomationTests\TestingTopSop\src\test\resources
2023-02-06 10:57:21,387 [Worker-16: Launching TopSopAutomationJava] INFO  o.e.m.c.i.embedder.EclipseLogger - Using 'UTF-8' encoding to copy filtered resources.
2023-02-06 10:57:21,388 [Worker-16: Launching TopSopAutomationJava] INFO  o.e.m.c.i.embedder.EclipseLogger - skip non existing resourceDirectory C:\AutomationTests\TestingTopSop\src\main\resources
2023-02-06 10:57:21,391 [Worker-16: Launching TopSopAutomationJava] INFO  o.e.m.c.i.embedder.EclipseLogger - Using 'UTF-8' encoding to copy filtered resources.
2023-02-06 10:57:21,392 [Worker-16: Launching TopSopAutomationJava] INFO  o.e.m.c.i.embedder.EclipseLogger - skip non existing resourceDirectory C:\AutomationTests\TestingTopSop\src\test\resources
2023-02-06 11:00:54,298 [Worker-17: Launching TopSopAutomationJava] INFO  o.e.m.c.i.embedder.EclipseLogger - Using 'UTF-8' encoding to copy filtered resources.
2023-02-06 11:00:54,298 [Worker-17: Launching TopSopAutomationJava] INFO  o.e.m.c.i.embedder.EclipseLogger - skip non existing resourceDirectory C:\AutomationTests\TestingTopSop\src\main\resources
2023-02-06 11:00:54,301 [Worker-17: Launching TopSopAutomationJava] INFO  o.e.m.c.i.embedder.EclipseLogger - Using 'UTF-8' encoding to copy filtered resources.
2023-02-06 11:00:54,302 [Worker-17: Launching TopSopAutomationJava] INFO  o.e.m.c.i.embedder.EclipseLogger - skip non existing resourceDirectory C:\AutomationTests\TestingTopSop\src\test\resources
2023-02-06 11:03:52,883 [Worker-20: Building] INFO  o.e.m.c.i.embedder.EclipseLogger - Using 'UTF-8' encoding to copy filtered resources.
2023-02-06 11:03:52,883 [Worker-20: Building] INFO  o.e.m.c.i.embedder.EclipseLogger - skip non existing resourceDirectory C:\AutomationTests\TestingTopSop\src\main\resources
2023-02-06 11:03:52,886 [Worker-20: Building] INFO  o.e.m.c.i.embedder.EclipseLogger - Using 'UTF-8' encoding to copy filtered resources.
2023-02-06 11:03:52,887 [Worker-20: Building] INFO  o.e.m.c.i.embedder.EclipseLogger - skip non existing resourceDirectory C:\AutomationTests\TestingTopSop\src\test\resources
2023-02-06 11:09:32,341 [Worker-21: Launching TopSopAutomationJava] INFO  o.e.m.c.i.embedder.EclipseLogger - Using 'UTF-8' encoding to copy filtered resources.
2023-02-06 11:09:32,342 [Worker-21: Launching TopSopAutomationJava] INFO  o.e.m.c.i.embedder.EclipseLogger - skip non existing resourceDirectory C:\AutomationTests\TestingTopSop\src\main\resources
2023-02-06 11:09:32,346 [Worker-21: Launching TopSopAutomationJava] INFO  o.e.m.c.i.embedder.EclipseLogger - Using 'UTF-8' encoding to copy filtered resources.
2023-02-06 11:09:32,346 [Worker-21: Launching TopSopAutomationJava] INFO  o.e.m.c.i.embedder.EclipseLogger - skip non existing resourceDirectory C:\AutomationTests\TestingTopSop\src\test\resources
2023-02-06 11:13:08,898 [Worker-21: Launching TopSopAutomationJava] INFO  o.e.m.c.i.embedder.EclipseLogger - Using 'UTF-8' encoding to copy filtered resources.
2023-02-06 11:13:08,899 [Worker-21: Launching TopSopAutomationJava] INFO  o.e.m.c.i.embedder.EclipseLogger - skip non existing resourceDirectory C:\AutomationTests\TestingTopSop\src\main\resources
2023-02-06 11:13:08,904 [Worker-21: Launching TopSopAutomationJava] INFO  o.e.m.c.i.embedder.EclipseLogger - Using 'UTF-8' encoding to copy filtered resources.
2023-02-06 11:13:08,905 [Worker-21: Launching TopSopAutomationJava] INFO  o.e.m.c.i.embedder.EclipseLogger - skip non existing resourceDirectory C:\AutomationTests\TestingTopSop\src\test\resources
2023-02-06 11:14:02,261 [Worker-27: Launching TopSopAutomationJava] INFO  o.e.m.c.i.embedder.EclipseLogger - Using 'UTF-8' encoding to copy filtered resources.
2023-02-06 11:14:02,262 [Worker-27: Launching TopSopAutomationJava] INFO  o.e.m.c.i.embedder.EclipseLogger - skip non existing resourceDirectory C:\AutomationTests\TestingTopSop\src\main\resources
2023-02-06 11:14:02,265 [Worker-27: Launching TopSopAutomationJava] INFO  o.e.m.c.i.embedder.EclipseLogger - Using 'UTF-8' encoding to copy filtered resources.
2023-02-06 11:14:02,266 [Worker-27: Launching TopSopAutomationJava] INFO  o.e.m.c.i.embedder.EclipseLogger - skip non existing resourceDirectory C:\AutomationTests\TestingTopSop\src\test\resources
2023-02-06 11:19:04,245 [Worker-29: Building] INFO  o.e.m.c.i.embedder.EclipseLogger - Using 'UTF-8' encoding to copy filtered resources.
2023-02-06 11:19:04,245 [Worker-29: Building] INFO  o.e.m.c.i.embedder.EclipseLogger - skip non existing resourceDirectory C:\AutomationTests\TestingTopSop\src\main\resources
2023-02-06 11:19:04,249 [Worker-29: Building] INFO  o.e.m.c.i.embedder.EclipseLogger - Using 'UTF-8' encoding to copy filtered resources.
2023-02-06 11:19:04,250 [Worker-29: Building] INFO  o.e.m.c.i.embedder.EclipseLogger - skip non existing resourceDirectory C:\AutomationTests\TestingTopSop\src\test\resources
2023-02-06 11:22:06,139 [Worker-28: Launching TopSopAutomationJava] INFO  o.e.m.c.i.embedder.EclipseLogger - Using 'UTF-8' encoding to copy filtered resources.
2023-02-06 11:22:06,139 [Worker-28: Launching TopSopAutomationJava] INFO  o.e.m.c.i.embedder.EclipseLogger - skip non existing resourceDirectory C:\AutomationTests\TestingTopSop\src\main\resources
2023-02-06 11:22:06,142 [Worker-28: Launching TopSopAutomationJava] INFO  o.e.m.c.i.embedder.EclipseLogger - Using 'UTF-8' encoding to copy filtered resources.
2023-02-06 11:22:06,142 [Worker-28: Launching TopSopAutomationJava] INFO  o.e.m.c.i.embedder.EclipseLogger - skip non existing resourceDirectory C:\AutomationTests\TestingTopSop\src\test\resources
2023-02-06 11:24:01,605 [Worker-30: Building] INFO  o.e.m.c.i.embedder.EclipseLogger - Using 'UTF-8' encoding to copy filtered resources.
2023-02-06 11:24:01,605 [Worker-30: Building] INFO  o.e.m.c.i.embedder.EclipseLogger - skip non existing resourceDirectory C:\AutomationTests\TestingTopSop\src\main\resources
2023-02-06 11:24:01,609 [Worker-30: Building] INFO  o.e.m.c.i.embedder.EclipseLogger - Using 'UTF-8' encoding to copy filtered resources.
2023-02-06 11:24:01,609 [Worker-30: Building] INFO  o.e.m.c.i.embedder.EclipseLogger - skip non existing resourceDirectory C:\AutomationTests\TestingTopSop\src\test\resources
2023-02-06 11:41:32,483 [Worker-33: Launching TopSopAutomationJava] INFO  o.e.m.c.i.embedder.EclipseLogger - Using 'UTF-8' encoding to copy filtered resources.
2023-02-06 11:41:32,484 [Worker-33: Launching TopSopAutomationJava] INFO  o.e.m.c.i.embedder.EclipseLogger - skip non existing resourceDirectory C:\AutomationTests\TestingTopSop\src\main\resources
2023-02-06 11:41:32,487 [Worker-33: Launching TopSopAutomationJava] INFO  o.e.m.c.i.embedder.EclipseLogger - Using 'UTF-8' encoding to copy filtered resources.
2023-02-06 11:41:32,487 [Worker-33: Launching TopSopAutomationJava] INFO  o.e.m.c.i.embedder.EclipseLogger - skip non existing resourceDirectory C:\AutomationTests\TestingTopSop\src\test\resources
2023-02-06 14:45:35,872 [Worker-29: Launching TopSopAutomationJava] INFO  o.e.m.c.i.embedder.EclipseLogger - Using 'UTF-8' encoding to copy filtered resources.
2023-02-06 14:45:35,873 [Worker-29: Launching TopSopAutomationJava] INFO  o.e.m.c.i.embedder.EclipseLogger - skip non existing resourceDirectory C:\AutomationTests\TestingTopSop\src\main\resources
2023-02-06 14:45:35,875 [Worker-29: Launching TopSopAutomationJava] INFO  o.e.m.c.i.embedder.EclipseLogger - Using 'UTF-8' encoding to copy filtered resources.
2023-02-06 14:45:35,876 [Worker-29: Launching TopSopAutomationJava] INFO  o.e.m.c.i.embedder.EclipseLogger - skip non existing resourceDirectory C:\AutomationTests\TestingTopSop\src\test\resources
2023-02-06 15:06:57,081 [Worker-46: Launching TopSopAutomationJava] INFO  o.e.m.c.i.embedder.EclipseLogger - Using 'UTF-8' encoding to copy filtered resources.
2023-02-06 15:06:57,082 [Worker-46: Launching TopSopAutomationJava] INFO  o.e.m.c.i.embedder.EclipseLogger - skip non existing resourceDirectory C:\AutomationTests\TestingTopSop\src\main\resources
2023-02-06 15:06:57,084 [Worker-46: Launching TopSopAutomationJava] INFO  o.e.m.c.i.embedder.EclipseLogger - Using 'UTF-8' encoding to copy filtered resources.
2023-02-06 15:06:57,085 [Worker-46: Launching TopSopAutomationJava] INFO  o.e.m.c.i.embedder.EclipseLogger - skip non existing resourceDirectory C:\AutomationTests\TestingTopSop\src\test\resources
2023-02-06 15:08:48,822 [Worker-47: Building] INFO  o.e.m.c.i.embedder.EclipseLogger - Using 'UTF-8' encoding to copy filtered resources.
2023-02-06 15:08:48,822 [Worker-47: Building] INFO  o.e.m.c.i.embedder.EclipseLogger - skip non existing resourceDirectory C:\AutomationTests\TestingTopSop\src\main\resources
2023-02-06 15:08:48,826 [Worker-47: Building] INFO  o.e.m.c.i.embedder.EclipseLogger - Using 'UTF-8' encoding to copy filtered resources.
2023-02-06 15:08:48,826 [Worker-47: Building] INFO  o.e.m.c.i.embedder.EclipseLogger - skip non existing resourceDirectory C:\AutomationTests\TestingTopSop\src\test\resources
2023-02-06 15:20:16,286 [Worker-46: Launching TopSopAutomationJava] INFO  o.e.m.c.i.embedder.EclipseLogger - Using 'UTF-8' encoding to copy filtered resources.
2023-02-06 15:20:16,287 [Worker-46: Launching TopSopAutomationJava] INFO  o.e.m.c.i.embedder.EclipseLogger - skip non existing resourceDirectory C:\AutomationTests\TestingTopSop\src\main\resources
2023-02-06 15:20:16,289 [Worker-46: Launching TopSopAutomationJava] INFO  o.e.m.c.i.embedder.EclipseLogger - Using 'UTF-8' encoding to copy filtered resources.
2023-02-06 15:20:16,290 [Worker-46: Launching TopSopAutomationJava] INFO  o.e.m.c.i.embedder.EclipseLogger - skip non existing resourceDirectory C:\AutomationTests\TestingTopSop\src\test\resources
2023-02-06 15:22:00,838 [Worker-46: Launching TopSopAutomationJava] INFO  o.e.m.c.i.embedder.EclipseLogger - Using 'UTF-8' encoding to copy filtered resources.
2023-02-06 15:22:00,839 [Worker-46: Launching TopSopAutomationJava] INFO  o.e.m.c.i.embedder.EclipseLogger - skip non existing resourceDirectory C:\AutomationTests\TestingTopSop\src\main\resources
2023-02-06 15:22:00,841 [Worker-46: Launching TopSopAutomationJava] INFO  o.e.m.c.i.embedder.EclipseLogger - Using 'UTF-8' encoding to copy filtered resources.
2023-02-06 15:22:00,841 [Worker-46: Launching TopSopAutomationJava] INFO  o.e.m.c.i.embedder.EclipseLogger - skip non existing resourceDirectory C:\AutomationTests\TestingTopSop\src\test\resources
2023-02-06 15:25:04,709 [Worker-49: Launching TopSopAutomationJava] INFO  o.e.m.c.i.embedder.EclipseLogger - Using 'UTF-8' encoding to copy filtered resources.
2023-02-06 15:25:04,710 [Worker-49: Launching TopSopAutomationJava] INFO  o.e.m.c.i.embedder.EclipseLogger - skip non existing resourceDirectory C:\AutomationTests\TestingTopSop\src\main\resources
2023-02-06 15:25:04,713 [Worker-49: Launching TopSopAutomationJava] INFO  o.e.m.c.i.embedder.EclipseLogger - Using 'UTF-8' encoding to copy filtered resources.
2023-02-06 15:25:04,714 [Worker-49: Launching TopSopAutomationJava] INFO  o.e.m.c.i.embedder.EclipseLogger - skip non existing resourceDirectory C:\AutomationTests\TestingTopSop\src\test\resources
2023-02-06 15:27:33,578 [Worker-48: Launching TopSopAutomationJava] INFO  o.e.m.c.i.embedder.EclipseLogger - Using 'UTF-8' encoding to copy filtered resources.
2023-02-06 15:27:33,578 [Worker-48: Launching TopSopAutomationJava] INFO  o.e.m.c.i.embedder.EclipseLogger - skip non existing resourceDirectory C:\AutomationTests\TestingTopSop\src\main\resources
2023-02-06 15:27:33,582 [Worker-48: Launching TopSopAutomationJava] INFO  o.e.m.c.i.embedder.EclipseLogger - Using 'UTF-8' encoding to copy filtered resources.
2023-02-06 15:27:33,582 [Worker-48: Launching TopSopAutomationJava] INFO  o.e.m.c.i.embedder.EclipseLogger - skip non existing resourceDirectory C:\AutomationTests\TestingTopSop\src\test\resources
2023-02-06 15:31:18,529 [Worker-48: Launching TopSopAutomationJava] INFO  o.e.m.c.i.embedder.EclipseLogger - Using 'UTF-8' encoding to copy filtered resources.
2023-02-06 15:31:18,529 [Worker-48: Launching TopSopAutomationJava] INFO  o.e.m.c.i.embedder.EclipseLogger - skip non existing resourceDirectory C:\AutomationTests\TestingTopSop\src\main\resources
2023-02-06 15:31:18,534 [Worker-48: Launching TopSopAutomationJava] INFO  o.e.m.c.i.embedder.EclipseLogger - Using 'UTF-8' encoding to copy filtered resources.
2023-02-06 15:31:18,534 [Worker-48: Launching TopSopAutomationJava] INFO  o.e.m.c.i.embedder.EclipseLogger - skip non existing resourceDirectory C:\AutomationTests\TestingTopSop\src\test\resources
2023-02-06 15:32:35,248 [Worker-53: Launching TopSopAutomationJava] INFO  o.e.m.c.i.embedder.EclipseLogger - Using 'UTF-8' encoding to copy filtered resources.
2023-02-06 15:32:35,248 [Worker-53: Launching TopSopAutomationJava] INFO  o.e.m.c.i.embedder.EclipseLogger - skip non existing resourceDirectory C:\AutomationTests\TestingTopSop\src\main\resources
2023-02-06 15:32:35,251 [Worker-53: Launching TopSopAutomationJava] INFO  o.e.m.c.i.embedder.EclipseLogger - Using 'UTF-8' encoding to copy filtered resources.
2023-02-06 15:32:35,251 [Worker-53: Launching TopSopAutomationJava] INFO  o.e.m.c.i.embedder.EclipseLogger - skip non existing resourceDirectory C:\AutomationTests\TestingTopSop\src\test\resources
2023-02-06 15:35:18,199 [Worker-55: Launching TopSopAutomationJava] INFO  o.e.m.c.i.embedder.EclipseLogger - Using 'UTF-8' encoding to copy filtered resources.
2023-02-06 15:35:18,199 [Worker-55: Launching TopSopAutomationJava] INFO  o.e.m.c.i.embedder.EclipseLogger - skip non existing resourceDirectory C:\AutomationTests\TestingTopSop\src\main\resources
2023-02-06 15:35:18,202 [Worker-55: Launching TopSopAutomationJava] INFO  o.e.m.c.i.embedder.EclipseLogger - Using 'UTF-8' encoding to copy filtered resources.
2023-02-06 15:35:18,202 [Worker-55: Launching TopSopAutomationJava] INFO  o.e.m.c.i.embedder.EclipseLogger - skip non existing resourceDirectory C:\AutomationTests\TestingTopSop\src\test\resources
2023-02-06 15:37:38,230 [Worker-54: Launching TopSopAutomationJava] INFO  o.e.m.c.i.embedder.EclipseLogger - Using 'UTF-8' encoding to copy filtered resources.
2023-02-06 15:37:38,230 [Worker-54: Launching TopSopAutomationJava] INFO  o.e.m.c.i.embedder.EclipseLogger - skip non existing resourceDirectory C:\AutomationTests\TestingTopSop\src\main\resources
2023-02-06 15:37:38,233 [Worker-54: Launching TopSopAutomationJava] INFO  o.e.m.c.i.embedder.EclipseLogger - Using 'UTF-8' encoding to copy filtered resources.
2023-02-06 15:37:38,234 [Worker-54: Launching TopSopAutomationJava] INFO  o.e.m.c.i.embedder.EclipseLogger - skip non existing resourceDirectory C:\AutomationTests\TestingTopSop\src\test\resources
2023-02-06 15:40:56,601 [Worker-51: Launching TopSopAutomationJava] INFO  o.e.m.c.i.embedder.EclipseLogger - Using 'UTF-8' encoding to copy filtered resources.
2023-02-06 15:40:56,601 [Worker-51: Launching TopSopAutomationJava] INFO  o.e.m.c.i.embedder.EclipseLogger - skip non existing resourceDirectory C:\AutomationTests\TestingTopSop\src\main\resources
2023-02-06 15:40:56,603 [Worker-51: Launching TopSopAutomationJava] INFO  o.e.m.c.i.embedder.EclipseLogger - Using 'UTF-8' encoding to copy filtered resources.
2023-02-06 15:40:56,604 [Worker-51: Launching TopSopAutomationJava] INFO  o.e.m.c.i.embedder.EclipseLogger - skip non existing resourceDirectory C:\AutomationTests\TestingTopSop\src\test\resources
2023-02-06 15:49:56,534 [Worker-52: Launching TopSopAutomationJava] INFO  o.e.m.c.i.embedder.EclipseLogger - Using 'UTF-8' encoding to copy filtered resources.
2023-02-06 15:49:56,534 [Worker-52: Launching TopSopAutomationJava] INFO  o.e.m.c.i.embedder.EclipseLogger - skip non existing resourceDirectory C:\AutomationTests\TestingTopSop\src\main\resources
2023-02-06 15:49:56,537 [Worker-52: Launching TopSopAutomationJava] INFO  o.e.m.c.i.embedder.EclipseLogger - Using 'UTF-8' encoding to copy filtered resources.
2023-02-06 15:49:56,538 [Worker-52: Launching TopSopAutomationJava] INFO  o.e.m.c.i.embedder.EclipseLogger - skip non existing resourceDirectory C:\AutomationTests\TestingTopSop\src\test\resources
2023-02-06 16:15:30,688 [Worker-52: Building] INFO  o.e.m.c.i.embedder.EclipseLogger - Using 'UTF-8' encoding to copy filtered resources.
2023-02-06 16:15:30,689 [Worker-52: Building] INFO  o.e.m.c.i.embedder.EclipseLogger - skip non existing resourceDirectory C:\AutomationTests\TestingTopSop\src\main\resources
2023-02-06 16:15:30,692 [Worker-52: Building] INFO  o.e.m.c.i.embedder.EclipseLogger - Using 'UTF-8' encoding to copy filtered resources.
2023-02-06 16:15:30,692 [Worker-52: Building] INFO  o.e.m.c.i.embedder.EclipseLogger - skip non existing resourceDirectory C:\AutomationTests\TestingTopSop\src\test\resources
2023-02-06 16:22:21,757 [Worker-65: Launching TopSopAutomationJava] INFO  o.e.m.c.i.embedder.EclipseLogger - Using 'UTF-8' encoding to copy filtered resources.
2023-02-06 16:22:21,757 [Worker-65: Launching TopSopAutomationJava] INFO  o.e.m.c.i.embedder.EclipseLogger - skip non existing resourceDirectory C:\AutomationTests\TestingTopSop\src\main\resources
2023-02-06 16:22:21,759 [Worker-65: Launching TopSopAutomationJava] INFO  o.e.m.c.i.embedder.EclipseLogger - Using 'UTF-8' encoding to copy filtered resources.
2023-02-06 16:22:21,760 [Worker-65: Launching TopSopAutomationJava] INFO  o.e.m.c.i.embedder.EclipseLogger - skip non existing resourceDirectory C:\AutomationTests\TestingTopSop\src\test\resources
2023-02-06 16:24:00,202 [Worker-68: Launching TopSopAutomationJava] INFO  o.e.m.c.i.embedder.EclipseLogger - Using 'UTF-8' encoding to copy filtered resources.
2023-02-06 16:24:00,202 [Worker-68: Launching TopSopAutomationJava] INFO  o.e.m.c.i.embedder.EclipseLogger - skip non existing resourceDirectory C:\AutomationTests\TestingTopSop\src\main\resources
2023-02-06 16:24:00,205 [Worker-68: Launching TopSopAutomationJava] INFO  o.e.m.c.i.embedder.EclipseLogger - Using 'UTF-8' encoding to copy filtered resources.
2023-02-06 16:24:00,205 [Worker-68: Launching TopSopAutomationJava] INFO  o.e.m.c.i.embedder.EclipseLogger - skip non existing resourceDirectory C:\AutomationTests\TestingTopSop\src\test\resources
2023-02-06 16:26:20,110 [Worker-70: Launching TopSopAutomationJava.EndToEndTestBelow600Denars] INFO  o.e.m.c.i.embedder.EclipseLogger - Using 'UTF-8' encoding to copy filtered resources.
2023-02-06 16:26:20,110 [Worker-70: Launching TopSopAutomationJava.EndToEndTestBelow600Denars] INFO  o.e.m.c.i.embedder.EclipseLogger - skip non existing resourceDirectory C:\AutomationTests\TestingTopSop\src\main\resources
2023-02-06 16:26:20,113 [Worker-70: Launching TopSopAutomationJava.EndToEndTestBelow600Denars] INFO  o.e.m.c.i.embedder.EclipseLogger - Using 'UTF-8' encoding to copy filtered resources.
2023-02-06 16:26:20,113 [Worker-70: Launching TopSopAutomationJava.EndToEndTestBelow600Denars] INFO  o.e.m.c.i.embedder.EclipseLogger - skip non existing resourceDirectory C:\AutomationTests\TestingTopSop\src\test\resources
2023-02-06 16:29:26,734 [Worker-68: Launching TopSopAutomationJava.EndToEndTestBelow600Den] INFO  o.e.m.c.i.embedder.EclipseLogger - Using 'UTF-8' encoding to copy filtered resources.
2023-02-06 16:29:26,735 [Worker-68: Launching TopSopAutomationJava.EndToEndTestBelow600Den] INFO  o.e.m.c.i.embedder.EclipseLogger - skip non existing resourceDirectory C:\AutomationTests\TestingTopSop\src\main\resources
2023-02-06 16:29:26,737 [Worker-68: Launching TopSopAutomationJava.EndToEndTestBelow600Den] INFO  o.e.m.c.i.embedder.EclipseLogger - Using 'UTF-8' encoding to copy filtered resources.
2023-02-06 16:29:26,738 [Worker-68: Launching TopSopAutomationJava.EndToEndTestBelow600Den] INFO  o.e.m.c.i.embedder.EclipseLogger - skip non existing resourceDirectory C:\AutomationTests\TestingTopSop\src\test\resources
2023-02-06 16:35:55,684 [Worker-68: Launching TopSopAutomationJava] INFO  o.e.m.c.i.embedder.EclipseLogger - Using 'UTF-8' encoding to copy filtered resources.
2023-02-06 16:35:55,685 [Worker-68: Launching TopSopAutomationJava] INFO  o.e.m.c.i.embedder.EclipseLogger - skip non existing resourceDirectory C:\AutomationTests\TestingTopSop\src\main\resources
2023-02-06 16:35:55,687 [Worker-68: Launching TopSopAutomationJava] INFO  o.e.m.c.i.embedder.EclipseLogger - Using 'UTF-8' encoding to copy filtered resources.
2023-02-06 16:35:55,688 [Worker-68: Launching TopSopAutomationJava] INFO  o.e.m.c.i.embedder.EclipseLogger - skip non existing resourceDirectory C:\AutomationTests\TestingTopSop\src\test\resources
2023-02-06 16:36:46,576 [Worker-68: Launching TopSopAutomationJava] INFO  o.e.m.c.i.embedder.EclipseLogger - Using 'UTF-8' encoding to copy filtered resources.
2023-02-06 16:36:46,577 [Worker-68: Launching TopSopAutomationJava] INFO  o.e.m.c.i.embedder.EclipseLogger - skip non existing resourceDirectory C:\AutomationTests\TestingTopSop\src\main\resources
2023-02-06 16:36:46,580 [Worker-68: Launching TopSopAutomationJava] INFO  o.e.m.c.i.embedder.EclipseLogger - Using 'UTF-8' encoding to copy filtered resources.
2023-02-06 16:36:46,581 [Worker-68: Launching TopSopAutomationJava] INFO  o.e.m.c.i.embedder.EclipseLogger - skip non existing resourceDirectory C:\AutomationTests\TestingTopSop\src\test\resources
2023-02-06 16:39:00,032 [Worker-75: Building] INFO  o.e.m.c.i.embedder.EclipseLogger - Using 'UTF-8' encoding to copy filtered resources.
2023-02-06 16:39:00,033 [Worker-75: Building] INFO  o.e.m.c.i.embedder.EclipseLogger - skip non existing resourceDirectory C:\AutomationTests\TestingTopSop\src\main\resources
2023-02-06 16:39:00,036 [Worker-75: Building] INFO  o.e.m.c.i.embedder.EclipseLogger - Using 'UTF-8' encoding to copy filtered resources.
2023-02-06 16:39:00,036 [Worker-75: Building] INFO  o.e.m.c.i.embedder.EclipseLogger - skip non existing resourceDirectory C:\AutomationTests\TestingTopSop\src\test\resources
2023-02-06 16:39:22,635 [Worker-68: Launching TopSopAutomationJava.EndToEndTestIfNaplataCanBeProcesed] INFO  o.e.m.c.i.embedder.EclipseLogger - Using 'UTF-8' encoding to copy filtered resources.
2023-02-06 16:39:22,636 [Worker-68: Launching TopSopAutomationJava.EndToEndTestIfNaplataCanBeProcesed] INFO  o.e.m.c.i.embedder.EclipseLogger - skip non existing resourceDirectory C:\AutomationTests\TestingTopSop\src\main\resources
2023-02-06 16:39:22,642 [Worker-68: Launching TopSopAutomationJava.EndToEndTestIfNaplataCanBeProcesed] INFO  o.e.m.c.i.embedder.EclipseLogger - Using 'UTF-8' encoding to copy filtered resources.
2023-02-06 16:39:22,642 [Worker-68: Launching TopSopAutomationJava.EndToEndTestIfNaplataCanBeProcesed] INFO  o.e.m.c.i.embedder.EclipseLogger - skip non existing resourceDirectory C:\AutomationTests\TestingTopSop\src\test\resources
2023-02-06 16:41:45,697 [Worker-75: Building] INFO  o.e.m.c.i.embedder.EclipseLogger - Using 'UTF-8' encoding to copy filtered resources.
2023-02-06 16:41:45,698 [Worker-75: Building] INFO  o.e.m.c.i.embedder.EclipseLogger - skip non existing resourceDirectory C:\AutomationTests\TestingTopSop\src\main\resources
2023-02-06 16:41:45,700 [Worker-75: Building] INFO  o.e.m.c.i.embedder.EclipseLogger - Using 'UTF-8' encoding to copy filtered resources.
2023-02-06 16:41:45,700 [Worker-75: Building] INFO  o.e.m.c.i.embedder.EclipseLogger - skip non existing resourceDirectory C:\AutomationTests\TestingTopSop\src\test\resources
2023-02-06 16:43:14,036 [Worker-77: Building] INFO  o.e.m.c.i.embedder.EclipseLogger - Using 'UTF-8' encoding to copy filtered resources.
2023-02-06 16:43:14,036 [Worker-77: Building] INFO  o.e.m.c.i.embedder.EclipseLogger - skip non existing resourceDirectory C:\AutomationTests\TestingTopSop\src\main\resources
2023-02-06 16:43:14,040 [Worker-77: Building] INFO  o.e.m.c.i.embedder.EclipseLogger - Using 'UTF-8' encoding to copy filtered resources.
2023-02-06 16:43:14,041 [Worker-77: Building] INFO  o.e.m.c.i.embedder.EclipseLogger - skip non existing resourceDirectory C:\AutomationTests\TestingTopSop\src\test\resources
2023-02-06 16:44:09,253 [Worker-76: Launching TopSopAutomationJava] INFO  o.e.m.c.i.embedder.EclipseLogger - Using 'UTF-8' encoding to copy filtered resources.
2023-02-06 16:44:09,254 [Worker-76: Launching TopSopAutomationJava] INFO  o.e.m.c.i.embedder.EclipseLogger - skip non existing resourceDirectory C:\AutomationTests\TestingTopSop\src\main\resources
2023-02-06 16:44:09,258 [Worker-76: Launching TopSopAutomationJava] INFO  o.e.m.c.i.embedder.EclipseLogger - Using 'UTF-8' encoding to copy filtered resources.
2023-02-06 16:44:09,258 [Worker-76: Launching TopSopAutomationJava] INFO  o.e.m.c.i.embedder.EclipseLogger - skip non existing resourceDirectory C:\AutomationTests\TestingTopSop\src\test\resources
2023-02-06 16:46:25,648 [Worker-79: Building] INFO  o.e.m.c.i.embedder.EclipseLogger - Using 'UTF-8' encoding to copy filtered resources.
2023-02-06 16:46:25,648 [Worker-79: Building] INFO  o.e.m.c.i.embedder.EclipseLogger - skip non existing resourceDirectory C:\AutomationTests\TestingTopSop\src\main\resources
2023-02-06 16:46:25,651 [Worker-79: Building] INFO  o.e.m.c.i.embedder.EclipseLogger - Using 'UTF-8' encoding to copy filtered resources.
2023-02-06 16:46:25,651 [Worker-79: Building] INFO  o.e.m.c.i.embedder.EclipseLogger - skip non existing resourceDirectory C:\AutomationTests\TestingTopSop\src\test\resources
2023-02-06 16:48:53,494 [Worker-79: Launching TopSopAutomationJava.EndToEndTestIfNaplataCanBeProcesed] INFO  o.e.m.c.i.embedder.EclipseLogger - Using 'UTF-8' encoding to copy filtered resources.
2023-02-06 16:48:53,495 [Worker-79: Launching TopSopAutomationJava.EndToEndTestIfNaplataCanBeProcesed] INFO  o.e.m.c.i.embedder.EclipseLogger - skip non existing resourceDirectory C:\AutomationTests\TestingTopSop\src\main\resources
2023-02-06 16:48:53,497 [Worker-79: Launching TopSopAutomationJava.EndToEndTestIfNaplataCanBeProcesed] INFO  o.e.m.c.i.embedder.EclipseLogger - Using 'UTF-8' encoding to copy filtered resources.
2023-02-06 16:48:53,498 [Worker-79: Launching TopSopAutomationJava.EndToEndTestIfNaplataCanBeProcesed] INFO  o.e.m.c.i.embedder.EclipseLogger - skip non existing resourceDirectory C:\AutomationTests\TestingTopSop\src\test\resources
2023-02-06 16:50:34,270 [Worker-83: Launching TopSopAutomationJava.EndToEndTestBelow600Den] INFO  o.e.m.c.i.embedder.EclipseLogger - Using 'UTF-8' encoding to copy filtered resources.
2023-02-06 16:50:34,270 [Worker-83: Launching TopSopAutomationJava.EndToEndTestBelow600Den] INFO  o.e.m.c.i.embedder.EclipseLogger - skip non existing resourceDirectory C:\AutomationTests\TestingTopSop\src\main\resources
2023-02-06 16:50:34,274 [Worker-83: Launching TopSopAutomationJava.EndToEndTestBelow600Den] INFO  o.e.m.c.i.embedder.EclipseLogger - Using 'UTF-8' encoding to copy filtered resources.
2023-02-06 16:50:34,274 [Worker-83: Launching TopSopAutomationJava.EndToEndTestBelow600Den] INFO  o.e.m.c.i.embedder.EclipseLogger - skip non existing resourceDirectory C:\AutomationTests\TestingTopSop\src\test\resources
2023-02-06 16:54:33,062 [Worker-79: Launching TopSopAutomationJava.InvalidLogin] INFO  o.e.m.c.i.embedder.EclipseLogger - Using 'UTF-8' encoding to copy filtered resources.
2023-02-06 16:54:33,063 [Worker-79: Launching TopSopAutomationJava.InvalidLogin] INFO  o.e.m.c.i.embedder.EclipseLogger - skip non existing resourceDirectory C:\AutomationTests\TestingTopSop\src\main\resources
2023-02-06 16:54:33,068 [Worker-79: Launching TopSopAutomationJava.InvalidLogin] INFO  o.e.m.c.i.embedder.EclipseLogger - Using 'UTF-8' encoding to copy filtered resources.
2023-02-06 16:54:33,068 [Worker-79: Launching TopSopAutomationJava.InvalidLogin] INFO  o.e.m.c.i.embedder.EclipseLogger - skip non existing resourceDirectory C:\AutomationTests\TestingTopSop\src\test\resources
2023-02-06 16:55:29,752 [Worker-79: Building] INFO  o.e.m.c.i.embedder.EclipseLogger - Using 'UTF-8' encoding to copy filtered resources.
2023-02-06 16:55:29,753 [Worker-79: Building] INFO  o.e.m.c.i.embedder.EclipseLogger - skip non existing resourceDirectory C:\AutomationTests\TestingTopSop\src\main\resources
2023-02-06 16:55:29,757 [Worker-79: Building] INFO  o.e.m.c.i.embedder.EclipseLogger - Using 'UTF-8' encoding to copy filtered resources.
2023-02-06 16:55:29,757 [Worker-79: Building] INFO  o.e.m.c.i.embedder.EclipseLogger - skip non existing resourceDirectory C:\AutomationTests\TestingTopSop\src\test\resources
2023-02-06 17:02:44,236 [Worker-0: Loading available Gradle versions] INFO  o.e.b.c.i.u.g.PublishedGradleVersions - Gradle version information cache is up-to-date. Trying to read.
2023-02-07 11:01:47,008 [Worker-0: Loading available Gradle versions] INFO  o.e.b.c.i.u.g.PublishedGradleVersions - Gradle version information cache is out-of-date. Trying to update.
2023-02-07 11:03:14,627 [Worker-3: Launching TopSopAutomationJava] INFO  o.e.m.c.i.embedder.EclipseLogger - Using 'UTF-8' encoding to copy filtered resources.
2023-02-07 11:03:14,630 [Worker-3: Launching TopSopAutomationJava] INFO  o.e.m.c.i.embedder.EclipseLogger - skip non existing resourceDirectory C:\AutomationTests\TestingTopSop\src\main\resources
2023-02-07 11:03:14,636 [Worker-3: Launching TopSopAutomationJava] INFO  o.e.m.c.i.embedder.EclipseLogger - Using 'UTF-8' encoding to copy filtered resources.
2023-02-07 11:03:14,636 [Worker-3: Launching TopSopAutomationJava] INFO  o.e.m.c.i.embedder.EclipseLogger - skip non existing resourceDirectory C:\AutomationTests\TestingTopSop\src\test\resources
2023-02-07 11:07:04,052 [Worker-17: Building] INFO  o.e.m.c.i.embedder.EclipseLogger - Using 'UTF-8' encoding to copy filtered resources.
2023-02-07 11:07:04,053 [Worker-17: Building] INFO  o.e.m.c.i.embedder.EclipseLogger - skip non existing resourceDirectory C:\AutomationTests\TestingTopSop\src\main\resources
2023-02-07 11:07:04,057 [Worker-17: Building] INFO  o.e.m.c.i.embedder.EclipseLogger - Using 'UTF-8' encoding to copy filtered resources.
2023-02-07 11:07:04,057 [Worker-17: Building] INFO  o.e.m.c.i.embedder.EclipseLogger - skip non existing resourceDirectory C:\AutomationTests\TestingTopSop\src\test\resources
2023-02-07 11:09:19,415 [Worker-5: Launching TopSopAutomationJava] INFO  o.e.m.c.i.embedder.EclipseLogger - Using 'UTF-8' encoding to copy filtered resources.
2023-02-07 11:09:19,417 [Worker-5: Launching TopSopAutomationJava] INFO  o.e.m.c.i.embedder.EclipseLogger - skip non existing resourceDirectory C:\AutomationTests\TestingTopSop\src\main\resources
2023-02-07 11:09:19,422 [Worker-5: Launching TopSopAutomationJava] INFO  o.e.m.c.i.embedder.EclipseLogger - Using 'UTF-8' encoding to copy filtered resources.
2023-02-07 11:09:19,423 [Worker-5: Launching TopSopAutomationJava] INFO  o.e.m.c.i.embedder.EclipseLogger - skip non existing resourceDirectory C:\AutomationTests\TestingTopSop\src\test\resources
2023-02-07 11:11:54,489 [Worker-13: Launching TopSopAutomationJava.EndToEndTestIfNaplataCanBeProcesed] INFO  o.e.m.c.i.embedder.EclipseLogger - Using 'UTF-8' encoding to copy filtered resources.
2023-02-07 11:11:54,490 [Worker-13: Launching TopSopAutomationJava.EndToEndTestIfNaplataCanBeProcesed] INFO  o.e.m.c.i.embedder.EclipseLogger - skip non existing resourceDirectory C:\AutomationTests\TestingTopSop\src\main\resources
